20161204223727
$ cd /home/www/cerebox/releases/20161204223727
$ git reset --hard
$ git pull
cd /home/www/cerebox/releases/20161204223727
git reset --hard
git pull
HEAD is now at ddc1268 envia de mensagem no contato
Already up-to-date.
$ ln -s /home/www/cerebox/shared/.env /home/www/cerebox/releases/20161204223727/.env-temp
$ mv -Tf /home/www/cerebox/releases/20161204223727/.env-temp /home/www/cerebox/releases/20161204223727/.env
ln -s /home/www/cerebox/shared/.env /home/www/cerebox/releases/20161204223727/.env-temp
mv -Tf /home/www/cerebox/releases/20161204223727/.env-temp /home/www/cerebox/releases/20161204223727/.env

$ rm -rf /home/www/cerebox/releases/20161204223727/storage/logs
rm -rf /home/www/cerebox/releases/20161204223727/storage/logs

$ ln -s /home/www/cerebox/shared/storage/logs /home/www/cerebox/releases/20161204223727/storage/logs-temp
$ mv -Tf /home/www/cerebox/releases/20161204223727/storage/logs-temp /home/www/cerebox/releases/20161204223727/storage/logs
ln -s /home/www/cerebox/shared/storage/logs /home/www/cerebox/releases/20161204223727/storage/logs-temp
mv -Tf /home/www/cerebox/releases/20161204223727/storage/logs-temp /home/www/cerebox/releases/20161204223727/storage/logs


/usr/local/bin/composer
$ cd /home/www/cerebox/releases/20161204223727
$ /usr/local/bin/composer install --no-interaction --no-dev --prefer-dist
cd /home/www/cerebox/releases/20161204223727
/usr/local/bin/composer install --no-interaction --no-dev --prefer-dist
Do not run Composer as root/super user! See https://getcomposer.org/root for details
Loading composer repositories with package information
Installing dependencies from lock file
Nothing to install or update
Generating autoload files
> Illuminate\Foundation\ComposerScripts::postInstall
> php artisan optimize
Generating optimized class loader

Compiling common classes

$ cd /home/www/cerebox/releases/20161204223727
$ npm install
cd /home/www/cerebox/releases/20161204223727
npm install
bash: npm: command not found


$ cd /home/www/cerebox/releases/20161204223727
$ chmod -R 755 /home/www/cerebox/releases/20161204223727/app/database/production.sqlite
$ chmod -R g+s /home/www/cerebox/releases/20161204223727/app/database/production.sqlite
$ chown -R www-data:www-data /home/www/cerebox/releases/20161204223727/app/database/production.sqlite
cd /home/www/cerebox/releases/20161204223727
chmod -R 755 /home/www/cerebox/releases/20161204223727/app/database/production.sqlite
chmod -R g+s /home/www/cerebox/releases/20161204223727/app/database/production.sqlite
chown -R www-data:www-data /home/www/cerebox/releases/20161204223727/app/database/production.sqlite
chmod: cannot access ‘/home/www/cerebox/releases/20161204223727/app/database/production.sqlite’: No such file or directory
$ cd /home/www/cerebox/releases/20161204223727
$ chmod -R 755 /home/www/cerebox/releases/20161204223727/storage
$ chmod -R g+s /home/www/cerebox/releases/20161204223727/storage
$ chown -R www-data:www-data /home/www/cerebox/releases/20161204223727/storage
cd /home/www/cerebox/releases/20161204223727
chmod -R 755 /home/www/cerebox/releases/20161204223727/storage
chmod -R g+s /home/www/cerebox/releases/20161204223727/storage
chown -R www-data:www-data /home/www/cerebox/releases/20161204223727/storage

$ cd /home/www/cerebox/releases/20161204223727
$ chmod -R 755 /home/www/cerebox/releases/20161204223727/public
$ chmod -R g+s /home/www/cerebox/releases/20161204223727/public
$ chown -R www-data:www-data /home/www/cerebox/releases/20161204223727/public
cd /home/www/cerebox/releases/20161204223727
chmod -R 755 /home/www/cerebox/releases/20161204223727/public
chmod -R g+s /home/www/cerebox/releases/20161204223727/public
chown -R www-data:www-data /home/www/cerebox/releases/20161204223727/public

/usr/bin/php
$ cd /home/www/cerebox/releases/20161204223727
$ /usr/bin/php artisan cache:clear
cd /home/www/cerebox/releases/20161204223727
/usr/bin/php artisan cache:clear
Cache cleared successfully.